Connected to database (MongoDB)
Guilds: 
- FluffyMod Demo (1251870442730295416) 

_______________      _______________       ______  ___     _________
___  ____/__  /___  ____  __/__  __/____  ____   |/  /___________  /
__  /_   __  /_  / / /_  /_ __  /_ __  / / /_  /|_/ /_  __ \  __  / 
_  __/   _  / / /_/ /_  __/ _  __/ _  /_/ /_  /  / / / /_/ / /_/ /  
/_/      /_/  \__,_/ /_/    /_/    _\__, / /_/  /_/  \____/\__,_/   
                                    /____/
Logged in as FluffyMod
[0J[1;1HAPI Grants - Balance: $7.51 / $8.00
Command load: /analyse command.
Command load: /detector-prompt command.
Command load: /userinfo command.
Command load: /ping command.
Event guildBanAdd loaded.
Event guildCreate loaded.
Event guildDelete loaded.
Event guildMemberRemove loaded.
Event guildMemberAdd loaded.
Event interactionCreate loaded.
Event messageCreate loaded.
Command load: /rules command.
Command load: /help command.
Command load: /set-logs command.
